[2.414s] Invoking command in '/home/racecar/racecar_ws/src/lab1c/build/ros_exercises': PYTHONPATH=/home/racecar/racecar_ws/src/lab1c/build/ros_exercises/prefix_override:/usr/lib/python3/dist-packages/colcon_core/task/python/colcon_distutils_commands:/home/racecar/racecar_ws/src/lab1c/install/ros_exercises/lib/python3.10/site-packages:${PYTHONPATH} /usr/bin/python3 -W ignore:setup.py install is deprecated -W ignore:easy_install command is deprecated setup.py develop --editable --build-directory /home/racecar/racecar_ws/src/lab1c/build/ros_exercises/build --no-deps symlink_data
[3.385s] running develop
[3.628s] running egg_info
[3.629s] creating ros_exercises.egg-info
[3.630s] writing ros_exercises.egg-info/PKG-INFO
[3.634s] writing dependency_links to ros_exercises.egg-info/dependency_links.txt
[3.637s] writing entry points to ros_exercises.egg-info/entry_points.txt
[3.639s] writing requirements to ros_exercises.egg-info/requires.txt
[3.641s] writing top-level names to ros_exercises.egg-info/top_level.txt
[3.643s] writing manifest file 'ros_exercises.egg-info/SOURCES.txt'
[3.679s] reading manifest file 'ros_exercises.egg-info/SOURCES.txt'
[3.713s] writing manifest file 'ros_exercises.egg-info/SOURCES.txt'
[3.826s] running build_ext
[3.827s] Creating /home/racecar/racecar_ws/src/lab1c/install/ros_exercises/lib/python3.10/site-packages/ros-exercises.egg-link (link to .)
[3.841s] Installing fake_scan_publisher script to /home/racecar/racecar_ws/src/lab1c/install/ros_exercises/lib/ros_exercises
[3.850s] Installing open_space_publisher script to /home/racecar/racecar_ws/src/lab1c/install/ros_exercises/lib/ros_exercises
[3.859s] Installing open_space_publisher2 script to /home/racecar/racecar_ws/src/lab1c/install/ros_exercises/lib/ros_exercises
[3.868s] Installing simple_publisher script to /home/racecar/racecar_ws/src/lab1c/install/ros_exercises/lib/ros_exercises
[3.878s] Installing simple_subscriber script to /home/racecar/racecar_ws/src/lab1c/install/ros_exercises/lib/ros_exercises
[3.890s] 
[3.890s] Installed /home/racecar/racecar_ws/src/lab1c/build/ros_exercises
[3.892s] running symlink_data
[3.896s] creating /home/racecar/racecar_ws/src/lab1c/install/ros_exercises/share/ament_index
[3.898s] creating /home/racecar/racecar_ws/src/lab1c/install/ros_exercises/share/ament_index/resource_index
[3.900s] creating /home/racecar/racecar_ws/src/lab1c/install/ros_exercises/share/ament_index/resource_index/packages
[3.908s] symbolically linking /home/racecar/racecar_ws/src/lab1c/build/ros_exercises/resource/ros_exercises -> /home/racecar/racecar_ws/src/lab1c/install/ros_exercises/share/ament_index/resource_index/packages
[3.917s] symbolically linking /home/racecar/racecar_ws/src/lab1c/build/ros_exercises/package.xml -> /home/racecar/racecar_ws/src/lab1c/install/ros_exercises/share/ros_exercises
[3.923s] creating /home/racecar/racecar_ws/src/lab1c/install/ros_exercises/share/ros_exercises/launch
[3.932s] symbolically linking /home/racecar/racecar_ws/src/lab1c/build/ros_exercises/launch/my_first_launch.launch.xml -> /home/racecar/racecar_ws/src/lab1c/install/ros_exercises/share/ros_exercises/launch
[3.942s] symbolically linking /home/racecar/racecar_ws/src/lab1c/build/ros_exercises/launch/test.launch.xml -> /home/racecar/racecar_ws/src/lab1c/install/ros_exercises/share/ros_exercises/launch
[3.970s] Invoked command in '/home/racecar/racecar_ws/src/lab1c/build/ros_exercises' returned '0': PYTHONPATH=/home/racecar/racecar_ws/src/lab1c/build/ros_exercises/prefix_override:/usr/lib/python3/dist-packages/colcon_core/task/python/colcon_distutils_commands:/home/racecar/racecar_ws/src/lab1c/install/ros_exercises/lib/python3.10/site-packages:${PYTHONPATH} /usr/bin/python3 -W ignore:setup.py install is deprecated -W ignore:easy_install command is deprecated setup.py develop --editable --build-directory /home/racecar/racecar_ws/src/lab1c/build/ros_exercises/build --no-deps symlink_data
